<?xml version="1.0" encoding="UTF-8"?>
<!-- Generated by org.testng.reporters.JUnitReportReporter -->
<testsuite hostname="H5" name="GridParallel" tests="3" failures="0" timestamp="15 May 2018 11:45:45 GMT" time="55.011" errors="0">
  <testcase name="beforeClass" time="18.405" classname="GridParallel"/>
  <testcase name="beforeClass" time="17.597" classname="GridParallel"/>
  <testcase name="beforeClass" time="19.009" classname="GridParallel"/>
</testsuite> <!-- GridParallel -->
